n= 4
count= 205
# 1
0 1
0 2
0 3
# 2
0 1
0 2
3 0
# 3
0 1
0 2
0 3
3 0
# 4
0 1
2 0
3 0
# 5
0 1
0 3
2 0
3 0
# 6
0 1
0 2
0 3
2 0
3 0
# 7
1 0
2 0
3 0
# 8
0 3
1 0
2 0
3 0
# 9
0 2
0 3
1 0
2 0
3 0
# 10
0 1
0 2
0 3
1 0
2 0
3 0
# 11
0 1
0 3
1 2
# 12
0 1
0 3
2 1
# 13
0 1
0 3
1 2
2 1
# 14
0 1
1 2
3 0
# 15
0 1
2 1
3 0
# 16
0 1
1 2
2 1
3 0
# 17
0 1
0 3
1 2
3 0
# 18
0 1
0 3
2 1
3 0
# 19
0 1
0 3
1 2
2 1
3 0
# 20
0 1
0 3
1 0
1 2
# 21
0 1
0 3
1 0
2 1
# 22
0 1
0 3
1 0
1 2
2 1
# 23
0 1
1 0
2 1
3 0
# 24
0 1
1 0
1 2
2 1
3 0
# 25
0 1
0 3
1 0
1 2
2 1
3 0
# 26
0 1
0 2
1 0
1 3
2 1
3 0
# 27
0 1
0 3
1 0
1 2
2 0
3 1
# 28
0 1
0 2
0 3
1 2
# 29
0 1
0 2
0 3
1 2
2 1
# 30
0 1
0 2
1 2
3 0
# 31
0 1
0 2
1 2
2 1
3 0
# 32
0 1
0 2
0 3
1 2
3 0
# 33
0 1
0 2
0 3
1 2
2 1
3 0
# 34
0 1
0 3
1 2
2 0
# 35
0 1
0 3
2 0
2 1
# 36
0 1
0 3
1 2
2 0
2 1
# 37
0 1
1 2
2 0
3 0
# 38
0 1
2 0
2 1
3 0
# 39
0 1
1 2
2 0
2 1
3 0
# 40
0 1
0 3
1 2
2 0
3 0
# 41
0 1
0 3
2 0
2 1
3 0
# 42
0 1
0 3
1 2
2 0
2 1
3 0
# 43
0 1
0 2
0 3
1 2
2 0
# 44
0 1
0 2
0 3
2 0
2 1
# 45
0 1
0 2
0 3
1 2
2 0
2 1
# 46
0 1
0 2
1 2
2 0
3 0
# 47
0 1
0 2
2 0
2 1
3 0
# 48
0 1
0 2
1 2
2 0
2 1
3 0
# 49
0 1
0 2
0 3
1 2
2 0
3 0
# 50
0 1
0 2
0 3
2 0
2 1
3 0
# 51
0 1
0 2
0 3
1 2
2 0
2 1
3 0
# 52
0 3
1 0
1 2
2 0
# 53
0 3
1 0
1 2
2 0
2 1
# 54
1 0
1 2
2 0
3 0
# 55
1 0
1 2
2 0
2 1
3 0
# 56
0 3
1 0
1 2
2 0
3 0
# 57
0 3
1 0
1 2
2 0
2 1
3 0
# 58
0 2
0 3
1 0
1 2
2 0
# 59
0 2
0 3
1 0
2 0
2 1
# 60
0 2
0 3
1 0
1 2
2 0
2 1
# 61
0 2
1 0
1 2
2 0
3 0
# 62
0 2
1 0
2 0
2 1
3 0
# 63
0 2
1 0
1 2
2 0
2 1
3 0
# 64
0 2
0 3
1 0
1 2
2 0
3 0
# 65
0 2
0 3
1 0
2 0
2 1
3 0
# 66
0 2
0 3
1 0
1 2
2 0
2 1
3 0
# 67
0 1
0 2
0 3
1 0
1 2
2 0
# 68
0 1
0 2
0 3
1 0
1 2
2 0
2 1
# 69
0 1
0 2
1 0
1 2
2 0
3 0
# 70
0 1
0 2
1 0
1 2
2 0
2 1
3 0
# 71
0 1
0 2
0 3
1 0
1 2
2 0
3 0
# 72
0 1
0 2
0 3
1 0
1 2
2 0
2 1
3 0
# 73
0 2
0 3
1 2
1 3
# 74
0 2
0 3
1 2
3 1
# 75
0 2
0 3
1 2
1 3
3 1
# 76
0 2
0 3
2 1
3 1
# 77
0 2
0 3
1 3
2 1
3 1
# 78
0 2
0 3
1 2
1 3
2 1
3 1
# 79
0 2
1 2
1 3
3 0
3 1
# 80
0 2
1 3
2 1
3 0
# 81
0 2
1 3
2 1
3 0
3 1
# 82
0 2
1 2
1 3
2 1
3 0
3 1
# 83
0 2
0 3
1 2
1 3
3 0
3 1
# 84
0 2
0 3
1 2
1 3
2 1
3 0
# 85
0 2
0 3
1 2
2 1
3 0
3 1
# 86
0 2
0 3
1 2
1 3
2 1
3 0
3 1
# 87
0 2
0 3
1 2
1 3
2 0
2 1
3 0
3 1
# 88
0 1
0 3
1 2
1 3
2 0
2 1
3 0
3 2
# 89
0 1
0 2
1 2
1 3
2 0
2 3
3 0
3 1
# 90
0 2
0 3
1 0
1 2
2 1
2 3
3 0
3 1
# 91
0 2
0 3
1 0
1 3
2 0
2 1
3 1
3 2
# 92
0 1
0 2
1 0
1 3
2 1
2 3
3 0
3 2
# 93
0 1
0 3
1 0
1 2
2 0
2 3
3 1
3 2
# 94
0 1
0 2
0 3
1 2
1 3
# 95
0 1
0 2
0 3
1 2
3 1
# 96
0 1
0 2
0 3
1 2
1 3
3 1
# 97
0 1
0 2
0 3
2 1
3 1
# 98
0 1
0 2
0 3
1 3
2 1
3 1
# 99
0 1
0 2
0 3
1 2
1 3
2 1
3 1
# 100
0 1
0 2
1 2
1 3
3 0
# 101
0 1
0 2
1 2
3 0
3 1
# 102
0 1
0 2
1 2
1 3
3 0
3 1
# 103
0 1
0 2
1 3
2 1
3 0
# 104
0 1
0 2
2 1
3 0
3 1
# 105
0 1
0 2
1 3
2 1
3 0
3 1
# 106
0 1
0 2
1 2
1 3
2 1
3 0
# 107
0 1
0 2
1 2
2 1
3 0
3 1
# 108
0 1
0 2
1 2
1 3
2 1
3 0
3 1
# 109
0 1
0 2
0 3
1 2
1 3
3 0
# 110
0 1
0 2
0 3
1 2
3 0
3 1
# 111
0 1
0 2
0 3
1 2
1 3
3 0
3 1
# 112
0 1
0 2
0 3
1 3
2 1
3 0
# 113
0 1
0 2
0 3
2 1
3 0
3 1
# 114
0 1
0 2
0 3
1 3
2 1
3 0
3 1
# 115
0 1
0 2
0 3
1 2
1 3
2 1
3 0
# 116
0 1
0 2
0 3
1 2
2 1
3 0
3 1
# 117
0 1
0 2
0 3
1 2
1 3
2 1
3 0
3 1
# 118
0 1
1 2
1 3
2 0
3 0
# 119
0 1
1 2
2 0
3 0
3 1
# 120
0 1
1 2
1 3
2 0
3 0
3 1
# 121
0 1
2 0
2 1
3 0
3 1
# 122
0 1
1 3
2 0
2 1
3 0
3 1
# 123
0 1
1 2
1 3
2 0
2 1
3 0
3 1
# 124
0 1
0 3
1 2
1 3
2 0
3 0
# 125
0 1
0 3
1 2
2 0
3 0
3 1
# 126
0 1
0 3
1 2
1 3
2 0
3 0
3 1
# 127
0 1
0 3
1 3
2 0
2 1
3 0
# 128
0 1
0 3
2 0
2 1
3 0
3 1
# 129
0 1
0 3
1 3
2 0
2 1
3 0
3 1
# 130
0 1
0 3
1 2
1 3
2 0
2 1
3 0
# 131
0 1
0 3
1 2
2 0
2 1
3 0
3 1
# 132
0 1
0 3
1 2
1 3
2 0
2 1
3 0
3 1
# 133
0 1
0 2
0 3
1 2
1 3
2 0
3 0
# 134
0 1
0 2
0 3
1 2
2 0
3 0
3 1
# 135
0 1
0 2
0 3
1 2
1 3
2 0
3 0
3 1
# 136
0 1
0 2
0 3
2 0
2 1
3 0
3 1
# 137
0 1
0 2
0 3
1 3
2 0
2 1
3 0
3 1
# 138
0 1
0 2
0 3
1 2
1 3
2 0
2 1
3 0
3 1
# 139
0 1
0 2
0 3
1 0
1 2
1 3
# 140
0 1
0 2
0 3
1 0
1 2
3 1
# 141
0 1
0 2
0 3
1 0
1 2
1 3
3 1
# 142
0 1
0 2
0 3
1 0
2 1
3 1
# 143
0 1
0 2
0 3
1 0
1 3
2 1
3 1
# 144
0 1
0 2
0 3
1 0
1 2
1 3
2 1
3 1
# 145
0 1
0 2
1 0
1 2
3 0
3 1
# 146
0 1
0 2
1 0
1 2
1 3
3 0
3 1
# 147
0 1
0 2
1 0
2 1
3 0
3 1
# 148
0 1
0 2
1 0
1 3
2 1
3 0
3 1
# 149
0 1
0 2
1 0
1 2
1 3
2 1
3 0
# 150
0 1
0 2
1 0
1 2
2 1
3 0
3 1
# 151
0 1
0 2
1 0
1 2
1 3
2 1
3 0
3 1
# 152
0 1
0 2
0 3
1 0
1 2
1 3
3 0
3 1
# 153
0 1
0 2
0 3
1 0
2 1
3 0
3 1
# 154
0 1
0 2
0 3
1 0
1 3
2 1
3 0
3 1
# 155
0 1
0 2
0 3
1 0
1 2
1 3
2 1
3 0
# 156
0 1
0 2
0 3
1 0
1 2
2 1
3 0
3 1
# 157
0 1
0 2
0 3
1 0
1 2
1 3
2 1
3 0
3 1
# 158
0 1
1 0
2 0
2 1
3 0
3 1
# 159
0 1
1 0
1 3
2 0
2 1
3 0
3 1
# 160
0 1
1 0
1 2
1 3
2 0
2 1
3 0
3 1
# 161
0 1
0 3
1 0
1 3
2 0
2 1
3 0
3 1
# 162
0 1
0 3
1 0
1 2
2 0
2 1
3 0
3 1
# 163
0 1
0 3
1 0
1 2
1 3
2 0
2 1
3 0
3 1
# 164
0 1
0 2
0 3
1 0
1 2
1 3
2 0
2 1
3 0
3 1
# 165
0 1
0 2
0 3
1 2
1 3
2 3
# 166
0 1
0 2
0 3
1 2
1 3
2 3
3 2
# 167
0 1
0 2
0 3
1 2
2 3
3 1
# 168
0 1
0 2
0 3
1 2
2 3
3 1
3 2
# 169
0 1
0 2
0 3
1 2
1 3
3 1
3 2
# 170
0 1
0 2
0 3
1 2
1 3
2 3
3 1
3 2
# 171
0 1
0 2
0 3
1 2
1 3
2 1
2 3
3 1
3 2
# 172
0 1
0 2
1 2
1 3
2 3
3 0
# 173
0 1
0 2
1 2
1 3
3 0
3 2
# 174
0 1
0 2
1 2
1 3
2 3
3 0
3 2
# 175
0 1
0 2
1 2
2 3
3 0
3 1
3 2
# 176
0 1
0 2
1 2
1 3
2 3
3 0
3 1
# 177
0 1
0 2
1 2
1 3
3 0
3 1
3 2
# 178
0 1
0 2
1 2
1 3
2 3
3 0
3 1
3 2
# 179
0 1
0 2
1 2
1 3
2 1
2 3
3 0
# 180
0 1
0 2
1 2
1 3
2 1
2 3
3 0
3 2
# 181
0 1
0 2
1 2
2 1
2 3
3 0
3 1
3 2
# 182
0 1
0 2
1 2
1 3
2 1
2 3
3 0
3 1
3 2
# 183
0 1
0 2
0 3
1 2
2 3
3 0
3 1
# 184
0 1
0 2
0 3
1 2
3 0
3 1
3 2
# 185
0 1
0 2
0 3
1 2
2 3
3 0
3 1
3 2
# 186
0 1
0 2
0 3
1 2
1 3
2 3
3 0
3 1
# 187
0 1
0 2
0 3
1 2
1 3
3 0
3 1
3 2
# 188
0 1
0 2
0 3
1 2
1 3
2 3
3 0
3 1
3 2
# 189
0 1
0 2
0 3
1 2
1 3
2 1
2 3
3 0
# 190
0 1
0 2
0 3
1 2
1 3
2 1
3 0
3 2
# 191
0 1
0 2
0 3
1 2
1 3
2 1
2 3
3 0
3 2
# 192
0 1
0 2
0 3
1 2
2 1
3 0
3 1
3 2
# 193
0 1
0 2
0 3
1 2
2 1
2 3
3 0
3 1
3 2
# 194
0 1
0 2
0 3
1 2
1 3
2 1
2 3
3 0
3 1
3 2
# 195
0 1
1 2
1 3
2 0
2 3
3 0
3 1
3 2
# 196
0 1
1 2
1 3
2 0
2 1
2 3
3 0
3 1
3 2
# 197
0 1
0 3
1 2
1 3
2 0
2 3
3 0
3 1
3 2
# 198
0 1
0 3
1 2
1 3
2 0
2 1
2 3
3 0
3 2
# 199
0 1
0 3
1 2
2 0
2 1
2 3
3 0
3 1
3 2
# 200
0 1
0 3
1 2
1 3
2 0
2 1
2 3
3 0
3 1
3 2
# 201
0 1
0 2
0 3
2 0
2 1
2 3
3 0
3 1
3 2
# 202
0 1
0 2
0 3
1 3
2 0
2 1
2 3
3 0
3 1
3 2
# 203
0 1
0 2
0 3
1 2
1 3
2 0
2 1
2 3
3 0
3 1
# 204
0 1
0 2
0 3
1 2
1 3
2 0
2 1
2 3
3 0
3 1
3 2
# 205
0 1
0 2
0 3
1 0
1 2
1 3
2 0
2 1
2 3
3 0
3 1
3 2
